0 info it worked if it ends with ok
1 verbose cli [ 'C:\\Program Files\\nodejs\\node.exe',
1 verbose cli   'C:\\Program Files\\nodejs\\node_modules\\npm\\bin\\npm-cli.js',
1 verbose cli   'start' ]
2 info using npm@3.10.7
3 info using node@v6.0.0
4 verbose run-script [ 'prestart', 'start', 'poststart' ]
5 info lifecycle socket-boilerplate@0.0.0~prestart: socket-boilerplate@0.0.0
6 silly lifecycle socket-boilerplate@0.0.0~prestart: no script for prestart, continuing
7 info lifecycle socket-boilerplate@0.0.0~start: socket-boilerplate@0.0.0
8 verbose lifecycle socket-boilerplate@0.0.0~start: unsafe-perm in lifecycle true
9 verbose lifecycle socket-boilerplate@0.0.0~start: PATH: C:\Users\bheem\AppData\Roaming\nvm\v6.0.0\node_modules\npm\bin\node-gyp-bin;C:\Users\bheem\Desktop\Cohort Project\butterfish-kiosk\node_modules\.bin;C:\Users\bheem\bin;C:\Program Files\Git\mingw64\bin;C:\Program Files\Git\usr\local\bin;C:\Program Files\Git\usr\bin;C:\Program Files\Git\usr\bin;C:\Program Files\Git\mingw64\bin;C:\Program Files\Git\usr\bin;C:\Users\bheem\bin;C:\Program Files (x86)\Intel\iCLS Client;C:\Program Files\Intel\iCLS Client;C:\WINDOWS\system32;C:\WINDOWS;C:\WINDOWS\System32\Wbem;C:\WINDOWS\System32\WindowsPowerShell\v1.0;C:\Program Files (x86)\Intel\Intel(R) Management Engine Components\DAL;C:\Program Files\Intel\Intel(R) Management Engine Components\DAL;C:\Program Files (x86)\Intel\Intel(R) Management Engine Components\IPT;C:\Program Files\Intel\Intel(R) Management Engine Components\IPT;C:\Program Files\Intel\WiFi\bin;C:\Program Files\Common Files\Intel\WirelessCommon;C:\WINDOWS\system32\config\systemprofile\.dnx\bin;C:\Program Files\Microsoft DNX\Dnvm;C:\Program Files\Microsoft SQL Server\130\Tools\Binn;C:\Program Files\Microsoft SQL Server\Client SDK\ODBC\110\Tools\Binn;C:\Program Files (x86)\Microsoft SQL Server\120\Tools\Binn\ManagementStudio;C:\Program Files (x86)\Microsoft SQL Server\120\Tools\Binn;C:\Program Files\Microsoft SQL Server\120\Tools\Binn;C:\Program Files (x86)\Microsoft SQL Server\120\DTS\Binn;C:\Program Files\Microsoft SQL Server\120\DTS\Binn;C:\Program Files\Git\cmd;C:\HashiCorp\Vagrant\bin;C:\Users\bheem\AppData\Roaming\nvm;C:\Program Files\nodejs;C:\Users\bheem\AppData\Local\atom\bin;C:\Users\bheem\AppData\Roaming\npm;C:\Users\bheem\AppData\Roaming\nvm;C:\Program Files\nodejs;C:\Users\bheem\AppData\Local\Microsoft\WindowsApps;C:\Program Files\Git\usr\bin\vendor_perl;C:\Program Files\Git\usr\bin\core_perl
10 verbose lifecycle socket-boilerplate@0.0.0~start: CWD: C:\Users\bheem\Desktop\Cohort Project\butterfish-kiosk
11 silly lifecycle socket-boilerplate@0.0.0~start: Args: [ '/d /s /c', 'env $(cat .env) nodemon -L ./bin/www' ]
12 info lifecycle socket-boilerplate@0.0.0~start: Failed to exec start script
13 verbose stack Error: socket-boilerplate@0.0.0 start: `env $(cat .env) nodemon -L ./bin/www`
13 verbose stack spawn ENOENT
13 verbose stack     at ChildProcess.<anonymous> (C:\Users\bheem\AppData\Roaming\nvm\v6.0.0\node_modules\npm\lib\utils\spawn.js:33:16)
13 verbose stack     at emitTwo (events.js:106:13)
13 verbose stack     at ChildProcess.emit (events.js:191:7)
13 verbose stack     at maybeClose (internal/child_process.js:850:16)
13 verbose stack     at Process.ChildProcess._handle.onexit (internal/child_process.js:215:5)
14 verbose pkgid socket-boilerplate@0.0.0
15 verbose cwd C:\Users\bheem\Desktop\Cohort Project\butterfish-kiosk
16 error Windows_NT 10.0.14393
17 error argv "C:\\Program Files\\nodejs\\node.exe" "C:\\Program Files\\nodejs\\node_modules\\npm\\bin\\npm-cli.js" "start"
18 error node v6.0.0
19 error npm  v3.10.7
20 error file C:\WINDOWS\system32\cmd.exe
21 error code ELIFECYCLE
22 error errno ENOENT
23 error syscall spawn
24 error socket-boilerplate@0.0.0 start: `env $(cat .env) nodemon -L ./bin/www`
24 error spawn ENOENT
25 error Failed at the socket-boilerplate@0.0.0 start script 'env $(cat .env) nodemon -L ./bin/www'.
25 error Make sure you have the latest version of node.js and npm installed.
25 error If you do, this is most likely a problem with the socket-boilerplate package,
25 error not with npm itself.
25 error Tell the author that this fails on your system:
25 error     env $(cat .env) nodemon -L ./bin/www
25 error You can get information on how to open an issue for this project with:
25 error     npm bugs socket-boilerplate
25 error Or if that isn't available, you can get their info via:
25 error     npm owner ls socket-boilerplate
25 error There is likely additional logging output above.
26 verbose exit [ 1, true ]
